<?xml version="1.0" encoding="UTF-8"?>
<!-- Generated by org.testng.reporters.JUnitReportReporter -->
<testsuite hostname="DESKTOP-1T8QP4J" failures="0" tests="1" name="testCases.LoginTestCases" time="9.718" errors="0" timestamp="2024-05-20T05:43:31 IST" skipped="0">
  <testcase classname="testCases.LoginTestCases" name="verifyLoginWithValidData" time="9.718"/>
  <system-out/>
</testsuite> <!-- testCases.LoginTestCases -->
